drivers/android/app/build/intermediates/manifest_merge_blame_file/debug/manifest-merger-blame-debug-report.txt
1<?xml version="1.0" encoding="utf-8"?>
2<manifest xmlns:android="http://schemas.android.com/apk/res/android"
3    package="app.usbuitest.driver"
4    android:versionCode="3"
5    android:versionName="1.3" >
6
7    <uses-sdk
8        android:minSdkVersion="23"
9        android:targetSdkVersion="34" />
10
11    <uses-permission android:name="android.permission.INTERNET" />
11-->src/main/AndroidManifest.xml:5:5-67
11-->src/main/AndroidManifest.xml:5:22-64
12    <uses-permission android:name="android.permission.ACCESS_NETWORK_STATE" />
12-->src/main/AndroidManifest.xml:6:5-79
12-->src/main/AndroidManifest.xml:6:22-76
13    <uses-permission android:name="android.permission.ACCESS_FINE_LOCATION" />
13-->src/main/AndroidManifest.xml:7:5-79
13-->src/main/AndroidManifest.xml:7:22-76
14    <uses-permission android:name="android.permission.ACCESS_COARSE_LOCATION" />
14-->src/main/AndroidManifest.xml:8:5-81
14-->src/main/AndroidManifest.xml:8:22-78
15    <uses-permission android:name="android.permission.QUERY_ALL_PACKAGES" />
15-->src/main/AndroidManifest.xml:9:5-10:53
15-->src/main/AndroidManifest.xml:9:22-74
16    <uses-permission android:name="android.permission.ACCESS_MOCK_LOCATION" />
16-->src/main/AndroidManifest.xml:11:5-12:59
16-->src/main/AndroidManifest.xml:11:22-76
17    <uses-permission android:name="android.permission.WRITE_SETTINGS" />
17-->src/main/AndroidManifest.xml:13:5-14:47
17-->src/main/AndroidManifest.xml:13:22-70
18    <uses-permission android:name="android.permission.CHANGE_CONFIGURATION" />
18-->src/main/AndroidManifest.xml:15:5-16:47
18-->src/main/AndroidManifest.xml:15:22-76
19
20    <application
21        android:debuggable="true"
22        android:extractNativeLibs="false" />
23
24</manifest>